0 info it worked if it ends with ok
1 verbose cli [ '/usr/local/Cellar/node/0.10.5/bin/node',
1 verbose cli   '/usr/local/bin/npm',
1 verbose cli   'publish',
1 verbose cli   './' ]
2 info using npm@1.2.18
3 info using node@v0.10.5
4 verbose publish [ './' ]
5 verbose read json /Volumes/Raid HD/Work/Perso/yeoman/grunt-coffeecov/package.json
6 verbose cache add [ './', null ]
7 verbose cache add name=undefined spec="./" args=["./",null]
8 verbose parsed url { protocol: null,
8 verbose parsed url   slashes: null,
8 verbose parsed url   auth: null,
8 verbose parsed url   host: null,
8 verbose parsed url   port: null,
8 verbose parsed url   hostname: null,
8 verbose parsed url   hash: null,
8 verbose parsed url   search: null,
8 verbose parsed url   query: null,
8 verbose parsed url   pathname: './',
8 verbose parsed url   path: './',
8 verbose parsed url   href: './' }
9 silly lockFile 0ee6c175- ./
10 verbose lock ./ /Users/mathieudesve/.npm/0ee6c175-.lock
11 verbose read json package.json
12 verbose tar pack [ '/var/folders/k4/l3yrcrp139z0ywlhlm52xd140000gn/T/npm-51830/1387349811185-0.38978846673853695/tmp.tgz',
12 verbose tar pack   './' ]
13 verbose tarball /var/folders/k4/l3yrcrp139z0ywlhlm52xd140000gn/T/npm-51830/1387349811185-0.38978846673853695/tmp.tgz
14 verbose folder ./
15 info prepublish grunt-coffeecov@0.0.1
16 silly lockFile 0ee6c175- ./
17 verbose lock ./ /Users/mathieudesve/.npm/0ee6c175-.lock
18 silly lockFile 8edbedcf-1185-0-38978846673853695-tmp-tgz /var/folders/k4/l3yrcrp139z0ywlhlm52xd140000gn/T/npm-51830/1387349811185-0.38978846673853695/tmp.tgz
19 verbose lock /var/folders/k4/l3yrcrp139z0ywlhlm52xd140000gn/T/npm-51830/1387349811185-0.38978846673853695/tmp.tgz /Users/mathieudesve/.npm/8edbedcf-1185-0-38978846673853695-tmp-tgz.lock
20 silly lockFile 0ee6c175- ./
21 silly lockFile 0ee6c175- ./
22 silly lockFile 8edbedcf-1185-0-38978846673853695-tmp-tgz /var/folders/k4/l3yrcrp139z0ywlhlm52xd140000gn/T/npm-51830/1387349811185-0.38978846673853695/tmp.tgz
23 silly lockFile 8edbedcf-1185-0-38978846673853695-tmp-tgz /var/folders/k4/l3yrcrp139z0ywlhlm52xd140000gn/T/npm-51830/1387349811185-0.38978846673853695/tmp.tgz
24 verbose tar unpack /var/folders/k4/l3yrcrp139z0ywlhlm52xd140000gn/T/npm-51830/1387349811185-0.38978846673853695/tmp.tgz
25 silly lockFile cd764326-1185-0-38978846673853695-package /var/folders/k4/l3yrcrp139z0ywlhlm52xd140000gn/T/npm-51830/1387349811185-0.38978846673853695/package
26 verbose lock /var/folders/k4/l3yrcrp139z0ywlhlm52xd140000gn/T/npm-51830/1387349811185-0.38978846673853695/package /Users/mathieudesve/.npm/cd764326-1185-0-38978846673853695-package.lock
27 silly lockFile 8edbedcf-1185-0-38978846673853695-tmp-tgz /var/folders/k4/l3yrcrp139z0ywlhlm52xd140000gn/T/npm-51830/1387349811185-0.38978846673853695/tmp.tgz
28 verbose lock /var/folders/k4/l3yrcrp139z0ywlhlm52xd140000gn/T/npm-51830/1387349811185-0.38978846673853695/tmp.tgz /Users/mathieudesve/.npm/8edbedcf-1185-0-38978846673853695-tmp-tgz.lock
29 silly gunzTarPerm modes [ '755', '644' ]
30 silly gunzTarPerm extractEntry package.json
31 silly gunzTarPerm extractEntry .npmignore
32 silly gunzTarPerm extractEntry README.md
33 silly gunzTarPerm extractEntry Gruntfile.js
34 silly gunzTarPerm extractEntry tasks/coffeecov.js
35 silly gunzTarPerm extractEntry test/src/test.coffee
36 verbose read json /var/folders/k4/l3yrcrp139z0ywlhlm52xd140000gn/T/npm-51830/1387349811185-0.38978846673853695/package/package.json
37 silly lockFile cd764326-1185-0-38978846673853695-package /var/folders/k4/l3yrcrp139z0ywlhlm52xd140000gn/T/npm-51830/1387349811185-0.38978846673853695/package
38 silly lockFile cd764326-1185-0-38978846673853695-package /var/folders/k4/l3yrcrp139z0ywlhlm52xd140000gn/T/npm-51830/1387349811185-0.38978846673853695/package
39 silly lockFile 8edbedcf-1185-0-38978846673853695-tmp-tgz /var/folders/k4/l3yrcrp139z0ywlhlm52xd140000gn/T/npm-51830/1387349811185-0.38978846673853695/tmp.tgz
40 silly lockFile 8edbedcf-1185-0-38978846673853695-tmp-tgz /var/folders/k4/l3yrcrp139z0ywlhlm52xd140000gn/T/npm-51830/1387349811185-0.38978846673853695/tmp.tgz
41 verbose from cache /var/folders/k4/l3yrcrp139z0ywlhlm52xd140000gn/T/npm-51830/1387349811185-0.38978846673853695/package/package.json
42 verbose tar pack [ '/Users/mathieudesve/.npm/grunt-coffeecov/0.0.1/package.tgz',
42 verbose tar pack   '/var/folders/k4/l3yrcrp139z0ywlhlm52xd140000gn/T/npm-51830/1387349811185-0.38978846673853695/package' ]
43 verbose tarball /Users/mathieudesve/.npm/grunt-coffeecov/0.0.1/package.tgz
44 verbose folder /var/folders/k4/l3yrcrp139z0ywlhlm52xd140000gn/T/npm-51830/1387349811185-0.38978846673853695/package
45 silly lockFile cd764326-1185-0-38978846673853695-package /var/folders/k4/l3yrcrp139z0ywlhlm52xd140000gn/T/npm-51830/1387349811185-0.38978846673853695/package
46 verbose lock /var/folders/k4/l3yrcrp139z0ywlhlm52xd140000gn/T/npm-51830/1387349811185-0.38978846673853695/package /Users/mathieudesve/.npm/cd764326-1185-0-38978846673853695-package.lock
47 silly lockFile e2ad540b-runt-coffeecov-0-0-1-package-tgz /Users/mathieudesve/.npm/grunt-coffeecov/0.0.1/package.tgz
48 verbose lock /Users/mathieudesve/.npm/grunt-coffeecov/0.0.1/package.tgz /Users/mathieudesve/.npm/e2ad540b-runt-coffeecov-0-0-1-package-tgz.lock
49 silly lockFile cd764326-1185-0-38978846673853695-package /var/folders/k4/l3yrcrp139z0ywlhlm52xd140000gn/T/npm-51830/1387349811185-0.38978846673853695/package
50 silly lockFile cd764326-1185-0-38978846673853695-package /var/folders/k4/l3yrcrp139z0ywlhlm52xd140000gn/T/npm-51830/1387349811185-0.38978846673853695/package
51 silly lockFile e2ad540b-runt-coffeecov-0-0-1-package-tgz /Users/mathieudesve/.npm/grunt-coffeecov/0.0.1/package.tgz
52 silly lockFile e2ad540b-runt-coffeecov-0-0-1-package-tgz /Users/mathieudesve/.npm/grunt-coffeecov/0.0.1/package.tgz
53 silly lockFile f24b592e-pm-grunt-coffeecov-0-0-1-package /Users/mathieudesve/.npm/grunt-coffeecov/0.0.1/package
54 verbose lock /Users/mathieudesve/.npm/grunt-coffeecov/0.0.1/package /Users/mathieudesve/.npm/f24b592e-pm-grunt-coffeecov-0-0-1-package.lock
55 silly lockFile f24b592e-pm-grunt-coffeecov-0-0-1-package /Users/mathieudesve/.npm/grunt-coffeecov/0.0.1/package
56 silly lockFile f24b592e-pm-grunt-coffeecov-0-0-1-package /Users/mathieudesve/.npm/grunt-coffeecov/0.0.1/package
57 verbose tar unpack /Users/mathieudesve/.npm/grunt-coffeecov/0.0.1/package.tgz
58 silly lockFile f24b592e-pm-grunt-coffeecov-0-0-1-package /Users/mathieudesve/.npm/grunt-coffeecov/0.0.1/package
59 verbose lock /Users/mathieudesve/.npm/grunt-coffeecov/0.0.1/package /Users/mathieudesve/.npm/f24b592e-pm-grunt-coffeecov-0-0-1-package.lock
60 silly lockFile e2ad540b-runt-coffeecov-0-0-1-package-tgz /Users/mathieudesve/.npm/grunt-coffeecov/0.0.1/package.tgz
61 verbose lock /Users/mathieudesve/.npm/grunt-coffeecov/0.0.1/package.tgz /Users/mathieudesve/.npm/e2ad540b-runt-coffeecov-0-0-1-package-tgz.lock
62 silly gunzTarPerm modes [ '755', '644' ]
63 silly gunzTarPerm extractEntry package.json
64 silly gunzTarPerm extractEntry .npmignore
65 silly gunzTarPerm extractEntry README.md
66 silly gunzTarPerm extractEntry Gruntfile.js
67 silly gunzTarPerm extractEntry tasks/coffeecov.js
68 silly gunzTarPerm extractEntry test/src/test.coffee
69 verbose read json /Users/mathieudesve/.npm/grunt-coffeecov/0.0.1/package/package.json
70 silly lockFile f24b592e-pm-grunt-coffeecov-0-0-1-package /Users/mathieudesve/.npm/grunt-coffeecov/0.0.1/package
71 silly lockFile f24b592e-pm-grunt-coffeecov-0-0-1-package /Users/mathieudesve/.npm/grunt-coffeecov/0.0.1/package
72 silly lockFile e2ad540b-runt-coffeecov-0-0-1-package-tgz /Users/mathieudesve/.npm/grunt-coffeecov/0.0.1/package.tgz
73 silly lockFile e2ad540b-runt-coffeecov-0-0-1-package-tgz /Users/mathieudesve/.npm/grunt-coffeecov/0.0.1/package.tgz
74 silly shasum updated bytes 1091
75 info shasum 6ab2c12f7d6903194ec523cf6b3d941c19c0a2d1
75 info shasum /Users/mathieudesve/.npm/grunt-coffeecov/0.0.1/package.tgz
76 verbose from cache /Users/mathieudesve/.npm/grunt-coffeecov/0.0.1/package/package.json
77 verbose chmod /Users/mathieudesve/.npm/grunt-coffeecov/0.0.1/package.tgz 644
78 verbose chown /Users/mathieudesve/.npm/grunt-coffeecov/0.0.1/package.tgz [ 501, 20 ]
79 silly lockFile 0ee6c175- ./
80 silly publish { name: 'grunt-coffeecov',
80 silly publish   version: '0.0.1',
80 silly publish   description: 'Compile CoffeeScript to Javascript Coverage',
80 silly publish   main: 'Gruntfile.js',
80 silly publish   scripts: { test: 'echo "Error: no test specified" && exit 1' },
80 silly publish   repository: { type: 'git', url: 'git://github.com/mazerte/grunt-coffeecov' },
80 silly publish   keywords: [ 'grunt', 'coffeescript', 'coverage' ],
80 silly publish   author: { name: 'Mathieu Desvé' },
80 silly publish   license: 'BSD',
80 silly publish   engines: { node: '*' },
80 silly publish   dependencies: { 'coffee-coverage': '~0.3.0' },
80 silly publish   peerDependencies: { grunt: '~0.4' },
80 silly publish   devDependencies: { grunt: '~0.4.2' },
80 silly publish   readme: 'Grunt CoffeeCov\n===================\n\nCompile CoffeeScript to Javascript Coverage.',
80 silly publish   readmeFilename: 'README.md',
80 silly publish   _id: 'grunt-coffeecov@0.0.1',
80 silly publish   dist: { shasum: '6ab2c12f7d6903194ec523cf6b3d941c19c0a2d1' },
80 silly publish   _from: './' }
81 verbose url raw grunt-coffeecov
82 verbose url resolving [ 'https://registry.npmjs.org/', './grunt-coffeecov' ]
83 verbose url resolved https://registry.npmjs.org/grunt-coffeecov
84 info trying registry request attempt 1 at 07:57:01
85 http PUT https://registry.npmjs.org/grunt-coffeecov
86 http 409 https://registry.npmjs.org/grunt-coffeecov
87 verbose url raw grunt-coffeecov
88 verbose url resolving [ 'https://registry.npmjs.org/', './grunt-coffeecov' ]
89 verbose url resolved https://registry.npmjs.org/grunt-coffeecov
90 info trying registry request attempt 1 at 07:57:03
91 http GET https://registry.npmjs.org/grunt-coffeecov
92 http 200 https://registry.npmjs.org/grunt-coffeecov
93 verbose uploading [ 'grunt-coffeecov/-/grunt-coffeecov-0.0.1.tgz/-rev/1-f997321ed146a1ba3580eb5fadec15ea',
93 verbose uploading   '/Users/mathieudesve/.npm/grunt-coffeecov/0.0.1/package.tgz' ]
94 verbose url raw grunt-coffeecov/-/grunt-coffeecov-0.0.1.tgz/-rev/1-f997321ed146a1ba3580eb5fadec15ea
95 verbose url resolving [ 'https://registry.npmjs.org/',
95 verbose url resolving   './grunt-coffeecov/-/grunt-coffeecov-0.0.1.tgz/-rev/1-f997321ed146a1ba3580eb5fadec15ea' ]
96 verbose url resolved https://registry.npmjs.org/grunt-coffeecov/-/grunt-coffeecov-0.0.1.tgz/-rev/1-f997321ed146a1ba3580eb5fadec15ea
97 info trying registry request attempt 1 at 07:57:04
98 http PUT https://registry.npmjs.org/grunt-coffeecov/-/grunt-coffeecov-0.0.1.tgz/-rev/1-f997321ed146a1ba3580eb5fadec15ea
99 http 201 https://registry.npmjs.org/grunt-coffeecov/-/grunt-coffeecov-0.0.1.tgz/-rev/1-f997321ed146a1ba3580eb5fadec15ea
100 verbose publish attached [ 'grunt-coffeecov',
100 verbose publish   '/Users/mathieudesve/.npm/grunt-coffeecov/0.0.1/package.tgz',
100 verbose publish   'grunt-coffeecov-0.0.1.tgz' ]
101 verbose url raw grunt-coffeecov/0.0.1/-tag/latest
102 verbose url resolving [ 'https://registry.npmjs.org/',
102 verbose url resolving   './grunt-coffeecov/0.0.1/-tag/latest' ]
103 verbose url resolved https://registry.npmjs.org/grunt-coffeecov/0.0.1/-tag/latest
104 info trying registry request attempt 1 at 07:57:05
105 http PUT https://registry.npmjs.org/grunt-coffeecov/0.0.1/-tag/latest
106 http 409 https://registry.npmjs.org/grunt-coffeecov/0.0.1/-tag/latest
107 error publish fail Cannot publish over existing version.
107 error publish fail Update the 'version' field in package.json and try again.
107 error publish fail
107 error publish fail If the previous version was published in error, see:
107 error publish fail     npm help unpublish
107 error publish fail
107 error publish fail To automatically increment version numbers, see:
107 error publish fail     npm help version
108 error System Darwin 13.0.0
109 error command "/usr/local/Cellar/node/0.10.5/bin/node" "/usr/local/bin/npm" "publish" "./"
110 error cwd /Volumes/Raid HD/Work/Perso/yeoman/grunt-coffeecov
111 error node -v v0.10.5
112 error npm -v 1.2.18
113 error code EPUBLISHCONFLICT
114 verbose exit [ 1, true ]
